2011-10-20 23:57:56 Notice: Notice (8): Undefined index:  email in [/Volumes/external/Data/Programing/PHP/www/live_teacher_server/website/api/controllers/users_controller.php, line 13]
2011-10-20 23:57:56 Notice: Notice (8): Undefined index:  password in [/Volumes/external/Data/Programing/PHP/www/live_teacher_server/website/api/controllers/users_controller.php, line 14]
2011-10-20 23:57:56 Notice: Notice (8): Undefined index:  deviceid in [/Volumes/external/Data/Programing/PHP/www/live_teacher_server/website/api/controllers/users_controller.php, line 15]
2011-10-20 23:57:56 Notice: Notice (8): Undefined index:  applanguage in [/Volumes/external/Data/Programing/PHP/www/live_teacher_server/website/api/controllers/users_controller.php, line 16]
2011-10-20 23:58:32 Notice: Notice (8): Undefined index:  email in [/Volumes/external/Data/Programing/PHP/www/live_teacher_server/website/api/controllers/users_controller.php, line 13]
2011-10-20 23:58:32 Notice: Notice (8): Undefined index:  password in [/Volumes/external/Data/Programing/PHP/www/live_teacher_server/website/api/controllers/users_controller.php, line 14]
2011-10-20 23:58:32 Notice: Notice (8): Undefined index:  deviceid in [/Volumes/external/Data/Programing/PHP/www/live_teacher_server/website/api/controllers/users_controller.php, line 15]
2011-10-20 23:58:32 Notice: Notice (8): Undefined index:  applanguage in [/Volumes/external/Data/Programing/PHP/www/live_teacher_server/website/api/controllers/users_controller.php, line 16]
2011-10-21 00:00:09 Notice: Notice (8): Undefined index:  email in [/Volumes/external/Data/Programing/PHP/www/live_teacher_server/website/api/controllers/users_controller.php, line 13]
2011-10-21 00:00:09 Notice: Notice (8): Undefined index:  password in [/Volumes/external/Data/Programing/PHP/www/live_teacher_server/website/api/controllers/users_controller.php, line 14]
2011-10-21 00:00:09 Notice: Notice (8): Undefined index:  deviceid in [/Volumes/external/Data/Programing/PHP/www/live_teacher_server/website/api/controllers/users_controller.php, line 15]
2011-10-21 00:00:09 Notice: Notice (8): Undefined index:  applanguage in [/Volumes/external/Data/Programing/PHP/www/live_teacher_server/website/api/controllers/users_controller.php, line 16]
2011-10-21 00:00:11 Notice: Notice (8): Undefined index:  email in [/Volumes/external/Data/Programing/PHP/www/live_teacher_server/website/api/controllers/users_controller.php, line 13]
2011-10-21 00:00:11 Notice: Notice (8): Undefined index:  password in [/Volumes/external/Data/Programing/PHP/www/live_teacher_server/website/api/controllers/users_controller.php, line 14]
2011-10-21 00:00:11 Notice: Notice (8): Undefined index:  deviceid in [/Volumes/external/Data/Programing/PHP/www/live_teacher_server/website/api/controllers/users_controller.php, line 15]
2011-10-21 00:00:11 Notice: Notice (8): Undefined index:  applanguage in [/Volumes/external/Data/Programing/PHP/www/live_teacher_server/website/api/controllers/users_controller.php, line 16]
2011-10-21 00:00:41 Notice: Notice (8): Undefined index:  email in [/Volumes/external/Data/Programing/PHP/www/live_teacher_server/website/api/controllers/users_controller.php, line 13]
2011-10-21 00:00:41 Notice: Notice (8): Undefined index:  password in [/Volumes/external/Data/Programing/PHP/www/live_teacher_server/website/api/controllers/users_controller.php, line 14]
2011-10-21 00:00:41 Notice: Notice (8): Undefined index:  deviceid in [/Volumes/external/Data/Programing/PHP/www/live_teacher_server/website/api/controllers/users_controller.php, line 15]
2011-10-21 00:00:41 Notice: Notice (8): Undefined index:  applanguage in [/Volumes/external/Data/Programing/PHP/www/live_teacher_server/website/api/controllers/users_controller.php, line 16]
2011-10-21 00:00:59 Notice: Notice (8): Undefined index:  email in [/Volumes/external/Data/Programing/PHP/www/live_teacher_server/website/api/controllers/users_controller.php, line 13]
2011-10-21 00:00:59 Notice: Notice (8): Undefined index:  password in [/Volumes/external/Data/Programing/PHP/www/live_teacher_server/website/api/controllers/users_controller.php, line 14]
2011-10-21 00:00:59 Notice: Notice (8): Undefined index:  deviceid in [/Volumes/external/Data/Programing/PHP/www/live_teacher_server/website/api/controllers/users_controller.php, line 15]
2011-10-21 00:00:59 Notice: Notice (8): Undefined index:  applanguage in [/Volumes/external/Data/Programing/PHP/www/live_teacher_server/website/api/controllers/users_controller.php, line 16]
2011-10-21 00:01:45 Notice: Notice (8): Undefined index:  email in [/Volumes/external/Data/Programing/PHP/www/live_teacher_server/website/api/controllers/users_controller.php, line 13]
2011-10-21 00:01:45 Notice: Notice (8): Undefined index:  password in [/Volumes/external/Data/Programing/PHP/www/live_teacher_server/website/api/controllers/users_controller.php, line 14]
2011-10-21 00:01:45 Notice: Notice (8): Undefined index:  deviceid in [/Volumes/external/Data/Programing/PHP/www/live_teacher_server/website/api/controllers/users_controller.php, line 15]
2011-10-21 00:01:45 Notice: Notice (8): Undefined index:  applanguage in [/Volumes/external/Data/Programing/PHP/www/live_teacher_server/website/api/controllers/users_controller.php, line 16]
2011-10-24 16:05:21 Notice: Notice (8): Undefined index:  email in [/Volumes/external/Data/Programing/PHP/www/live_teacher_server/website/api/controllers/users_controller.php, line 13]
2011-10-24 16:05:21 Notice: Notice (8): Undefined index:  password in [/Volumes/external/Data/Programing/PHP/www/live_teacher_server/website/api/controllers/users_controller.php, line 14]
2011-10-24 16:05:21 Notice: Notice (8): Undefined index:  deviceid in [/Volumes/external/Data/Programing/PHP/www/live_teacher_server/website/api/controllers/users_controller.php, line 15]
2011-10-24 16:05:21 Notice: Notice (8): Undefined index:  applanguage in [/Volumes/external/Data/Programing/PHP/www/live_teacher_server/website/api/controllers/users_controller.php, line 16]
2011-10-24 16:05:21 Notice: Notice (8): Undefined index:  email in [/Volumes/external/Data/Programing/PHP/www/live_teacher_server/website/api/controllers/users_controller.php, line 13]
2011-10-24 16:05:21 Notice: Notice (8): Undefined index:  password in [/Volumes/external/Data/Programing/PHP/www/live_teacher_server/website/api/controllers/users_controller.php, line 14]
2011-10-24 16:05:21 Notice: Notice (8): Undefined index:  deviceid in [/Volumes/external/Data/Programing/PHP/www/live_teacher_server/website/api/controllers/users_controller.php, line 15]
2011-10-24 16:05:21 Notice: Notice (8): Undefined index:  applanguage in [/Volumes/external/Data/Programing/PHP/www/live_teacher_server/website/api/controllers/users_controller.php, line 16]
2011-10-24 14:22:45 Notice: Notice (8): Undefined index:  email in [/Volumes/external/Data/Programing/PHP/www/live_teacher_server/website/api/controllers/users_controller.php, line 13]
2011-10-24 14:22:45 Notice: Notice (8): Undefined index:  password in [/Volumes/external/Data/Programing/PHP/www/live_teacher_server/website/api/controllers/users_controller.php, line 14]
2011-10-24 14:22:45 Notice: Notice (8): Undefined index:  deviceid in [/Volumes/external/Data/Programing/PHP/www/live_teacher_server/website/api/controllers/users_controller.php, line 15]
2011-10-24 14:22:45 Notice: Notice (8): Undefined index:  applanguage in [/Volumes/external/Data/Programing/PHP/www/live_teacher_server/website/api/controllers/users_controller.php, line 16]
2011-10-24 14:22:45 Notice: Notice (8): Undefined variable: min in [/Volumes/external/Data/Programing/PHP/www/cakephp_muster/cake/libs/validation.php, line 178]
2011-10-24 14:22:45 Notice: Notice (8): Undefined variable: max in [/Volumes/external/Data/Programing/PHP/www/cakephp_muster/cake/libs/validation.php, line 178]
2011-10-24 14:22:45 Notice: Notice (8): Undefined variable: status in [/Volumes/external/Data/Programing/PHP/www/live_teacher_server/website/api/views/users/register.ctp, line 1]
2011-10-24 14:25:13 Notice: Notice (8): Undefined index:  email in [/Volumes/external/Data/Programing/PHP/www/live_teacher_server/website/api/controllers/users_controller.php, line 13]
2011-10-24 14:25:13 Notice: Notice (8): Undefined index:  password in [/Volumes/external/Data/Programing/PHP/www/live_teacher_server/website/api/controllers/users_controller.php, line 14]
2011-10-24 14:25:13 Notice: Notice (8): Undefined index:  deviceid in [/Volumes/external/Data/Programing/PHP/www/live_teacher_server/website/api/controllers/users_controller.php, line 15]
2011-10-24 14:25:13 Notice: Notice (8): Undefined index:  applanguage in [/Volumes/external/Data/Programing/PHP/www/live_teacher_server/website/api/controllers/users_controller.php, line 16]
2011-10-24 14:25:13 Notice: Notice (8): Undefined variable: min in [/Volumes/external/Data/Programing/PHP/www/cakephp_muster/cake/libs/validation.php, line 178]
2011-10-24 14:25:13 Notice: Notice (8): Undefined variable: max in [/Volumes/external/Data/Programing/PHP/www/cakephp_muster/cake/libs/validation.php, line 178]
2011-10-24 14:25:13 Notice: Notice (8): Undefined variable: status in [/Volumes/external/Data/Programing/PHP/www/live_teacher_server/website/api/views/users/register.ctp, line 1]
2011-10-24 14:25:15 Notice: Notice (8): Undefined index:  email in [/Volumes/external/Data/Programing/PHP/www/live_teacher_server/website/api/controllers/users_controller.php, line 13]
2011-10-24 14:25:15 Notice: Notice (8): Undefined index:  password in [/Volumes/external/Data/Programing/PHP/www/live_teacher_server/website/api/controllers/users_controller.php, line 14]
2011-10-24 14:25:15 Notice: Notice (8): Undefined index:  deviceid in [/Volumes/external/Data/Programing/PHP/www/live_teacher_server/website/api/controllers/users_controller.php, line 15]
2011-10-24 14:25:15 Notice: Notice (8): Undefined index:  applanguage in [/Volumes/external/Data/Programing/PHP/www/live_teacher_server/website/api/controllers/users_controller.php, line 16]
2011-10-24 14:25:15 Notice: Notice (8): Undefined variable: min in [/Volumes/external/Data/Programing/PHP/www/cakephp_muster/cake/libs/validation.php, line 178]
2011-10-24 14:25:15 Notice: Notice (8): Undefined variable: max in [/Volumes/external/Data/Programing/PHP/www/cakephp_muster/cake/libs/validation.php, line 178]
2011-10-24 14:25:15 Notice: Notice (8): Undefined variable: status in [/Volumes/external/Data/Programing/PHP/www/live_teacher_server/website/api/views/users/register.ctp, line 1]
2011-10-24 14:25:16 Notice: Notice (8): Undefined index:  email in [/Volumes/external/Data/Programing/PHP/www/live_teacher_server/website/api/controllers/users_controller.php, line 13]
2011-10-24 14:25:16 Notice: Notice (8): Undefined index:  password in [/Volumes/external/Data/Programing/PHP/www/live_teacher_server/website/api/controllers/users_controller.php, line 14]
2011-10-24 14:25:16 Notice: Notice (8): Undefined index:  deviceid in [/Volumes/external/Data/Programing/PHP/www/live_teacher_server/website/api/controllers/users_controller.php, line 15]
2011-10-24 14:25:16 Notice: Notice (8): Undefined index:  applanguage in [/Volumes/external/Data/Programing/PHP/www/live_teacher_server/website/api/controllers/users_controller.php, line 16]
2011-10-24 14:25:16 Notice: Notice (8): Undefined variable: min in [/Volumes/external/Data/Programing/PHP/www/cakephp_muster/cake/libs/validation.php, line 178]
2011-10-24 14:25:16 Notice: Notice (8): Undefined variable: max in [/Volumes/external/Data/Programing/PHP/www/cakephp_muster/cake/libs/validation.php, line 178]
2011-10-24 14:25:16 Notice: Notice (8): Undefined variable: status in [/Volumes/external/Data/Programing/PHP/www/live_teacher_server/website/api/views/users/register.ctp, line 1]
2011-10-24 14:25:27 Notice: Notice (8): Undefined index:  email in [/Volumes/external/Data/Programing/PHP/www/live_teacher_server/website/api/controllers/users_controller.php, line 13]
2011-10-24 14:25:27 Notice: Notice (8): Undefined index:  password in [/Volumes/external/Data/Programing/PHP/www/live_teacher_server/website/api/controllers/users_controller.php, line 14]
2011-10-24 14:25:27 Notice: Notice (8): Undefined index:  deviceid in [/Volumes/external/Data/Programing/PHP/www/live_teacher_server/website/api/controllers/users_controller.php, line 15]
2011-10-24 14:25:27 Notice: Notice (8): Undefined index:  applanguage in [/Volumes/external/Data/Programing/PHP/www/live_teacher_server/website/api/controllers/users_controller.php, line 16]
2011-10-24 14:25:27 Notice: Notice (8): Undefined variable: min in [/Volumes/external/Data/Programing/PHP/www/cakephp_muster/cake/libs/validation.php, line 178]
2011-10-24 14:25:27 Notice: Notice (8): Undefined variable: max in [/Volumes/external/Data/Programing/PHP/www/cakephp_muster/cake/libs/validation.php, line 178]
2011-10-24 14:25:27 Notice: Notice (8): Undefined variable: status in [/Volumes/external/Data/Programing/PHP/www/live_teacher_server/website/api/views/users/register.ctp, line 1]
2011-10-24 14:25:30 Notice: Notice (8): Undefined index:  email in [/Volumes/external/Data/Programing/PHP/www/live_teacher_server/website/api/controllers/users_controller.php, line 13]
2011-10-24 14:25:31 Notice: Notice (8): Undefined index:  password in [/Volumes/external/Data/Programing/PHP/www/live_teacher_server/website/api/controllers/users_controller.php, line 14]
2011-10-24 14:25:31 Notice: Notice (8): Undefined index:  deviceid in [/Volumes/external/Data/Programing/PHP/www/live_teacher_server/website/api/controllers/users_controller.php, line 15]
2011-10-24 14:25:31 Notice: Notice (8): Undefined index:  applanguage in [/Volumes/external/Data/Programing/PHP/www/live_teacher_server/website/api/controllers/users_controller.php, line 16]
2011-10-24 14:25:31 Notice: Notice (8): Undefined variable: min in [/Volumes/external/Data/Programing/PHP/www/cakephp_muster/cake/libs/validation.php, line 178]
2011-10-24 14:25:31 Notice: Notice (8): Undefined variable: max in [/Volumes/external/Data/Programing/PHP/www/cakephp_muster/cake/libs/validation.php, line 178]
2011-10-24 14:25:31 Notice: Notice (8): Undefined variable: status in [/Volumes/external/Data/Programing/PHP/www/live_teacher_server/website/api/views/users/register.ctp, line 1]
2011-10-24 14:26:12 Notice: Notice (8): Undefined index:  email in [/Volumes/external/Data/Programing/PHP/www/live_teacher_server/website/api/controllers/users_controller.php, line 13]
2011-10-24 14:26:12 Notice: Notice (8): Undefined index:  password in [/Volumes/external/Data/Programing/PHP/www/live_teacher_server/website/api/controllers/users_controller.php, line 14]
2011-10-24 14:26:12 Notice: Notice (8): Undefined index:  deviceid in [/Volumes/external/Data/Programing/PHP/www/live_teacher_server/website/api/controllers/users_controller.php, line 15]
2011-10-24 14:26:12 Notice: Notice (8): Undefined index:  applanguage in [/Volumes/external/Data/Programing/PHP/www/live_teacher_server/website/api/controllers/users_controller.php, line 16]
2011-10-24 14:26:27 Notice: Notice (8): Undefined index:  email in [/Volumes/external/Data/Programing/PHP/www/live_teacher_server/website/api/controllers/users_controller.php, line 13]
2011-10-24 14:26:27 Notice: Notice (8): Undefined index:  password in [/Volumes/external/Data/Programing/PHP/www/live_teacher_server/website/api/controllers/users_controller.php, line 14]
2011-10-24 14:26:27 Notice: Notice (8): Undefined index:  deviceid in [/Volumes/external/Data/Programing/PHP/www/live_teacher_server/website/api/controllers/users_controller.php, line 15]
2011-10-24 14:26:27 Notice: Notice (8): Undefined index:  applanguage in [/Volumes/external/Data/Programing/PHP/www/live_teacher_server/website/api/controllers/users_controller.php, line 16]
2011-10-24 16:01:58 Notice: Notice (8): Undefined variable: min in [/Volumes/external/Data/Programing/PHP/www/cakephp_muster/cake/libs/validation.php, line 178]
2011-10-24 16:01:58 Notice: Notice (8): Undefined variable: max in [/Volumes/external/Data/Programing/PHP/www/cakephp_muster/cake/libs/validation.php, line 178]
2011-10-24 16:01:58 Notice: Notice (8): Undefined variable: status in [/Volumes/external/Data/Programing/PHP/www/live_teacher_server/website/api/views/users/register.ctp, line 1]
2011-10-24 16:03:41 Notice: Notice (8): Undefined variable: min in [/Volumes/external/Data/Programing/PHP/www/cakephp_muster/cake/libs/validation.php, line 178]
2011-10-24 16:03:41 Notice: Notice (8): Undefined variable: max in [/Volumes/external/Data/Programing/PHP/www/cakephp_muster/cake/libs/validation.php, line 178]
2011-10-24 16:03:41 Notice: Notice (8): Undefined variable: status in [/Volumes/external/Data/Programing/PHP/www/live_teacher_server/website/api/views/users/register.ctp, line 1]
2011-10-24 16:04:32 Notice: Notice (8): Undefined property: UsersController::$Register in [/Volumes/external/Data/Programing/PHP/www/live_teacher_server/website/api/controllers/users_controller.php, line 43]
2011-10-24 16:04:44 Notice: Notice (8): Undefined property: UsersController::$Register in [/Volumes/external/Data/Programing/PHP/www/live_teacher_server/website/api/controllers/users_controller.php, line 43]
2011-10-24 16:04:59 Notice: Notice (8): Undefined variable: min in [/Volumes/external/Data/Programing/PHP/www/cakephp_muster/cake/libs/validation.php, line 178]
2011-10-24 16:04:59 Notice: Notice (8): Undefined variable: max in [/Volumes/external/Data/Programing/PHP/www/cakephp_muster/cake/libs/validation.php, line 178]
2011-10-24 16:04:59 Notice: Notice (8): Undefined variable: status in [/Volumes/external/Data/Programing/PHP/www/live_teacher_server/website/api/views/users/register.ctp, line 1]
2011-10-24 16:07:35 Notice: Notice (8): Undefined variable: min in [/Volumes/external/Data/Programing/PHP/www/cakephp_muster/cake/libs/validation.php, line 178]
2011-10-24 16:07:35 Notice: Notice (8): Undefined variable: max in [/Volumes/external/Data/Programing/PHP/www/cakephp_muster/cake/libs/validation.php, line 178]
2011-10-24 16:07:35 Notice: Notice (8): Undefined variable: status in [/Volumes/external/Data/Programing/PHP/www/live_teacher_server/website/api/views/users/register.ctp, line 1]
2011-10-24 16:07:48 Notice: Notice (8): Undefined variable: min in [/Volumes/external/Data/Programing/PHP/www/cakephp_muster/cake/libs/validation.php, line 178]
2011-10-24 16:07:48 Notice: Notice (8): Undefined variable: max in [/Volumes/external/Data/Programing/PHP/www/cakephp_muster/cake/libs/validation.php, line 178]
2011-10-24 16:07:48 Notice: Notice (8): Undefined variable: status in [/Volumes/external/Data/Programing/PHP/www/live_teacher_server/website/api/views/users/register.ctp, line 1]
2011-10-24 16:07:51 Notice: Notice (8): Undefined variable: min in [/Volumes/external/Data/Programing/PHP/www/cakephp_muster/cake/libs/validation.php, line 178]
2011-10-24 16:07:51 Notice: Notice (8): Undefined variable: max in [/Volumes/external/Data/Programing/PHP/www/cakephp_muster/cake/libs/validation.php, line 178]
2011-10-24 16:07:51 Notice: Notice (8): Undefined variable: status in [/Volumes/external/Data/Programing/PHP/www/live_teacher_server/website/api/views/users/register.ctp, line 1]
2011-10-24 16:08:16 Notice: Notice (8): Undefined variable: min in [/Volumes/external/Data/Programing/PHP/www/cakephp_muster/cake/libs/validation.php, line 178]
2011-10-24 16:08:16 Notice: Notice (8): Undefined variable: max in [/Volumes/external/Data/Programing/PHP/www/cakephp_muster/cake/libs/validation.php, line 178]
2011-10-24 16:08:16 Notice: Notice (8): Undefined variable: status in [/Volumes/external/Data/Programing/PHP/www/live_teacher_server/website/api/views/users/register.ctp, line 1]
2011-10-24 16:15:36 Notice: Notice (8): Undefined variable: min in [/Volumes/external/Data/Programing/PHP/www/cakephp_muster/cake/libs/validation.php, line 178]
2011-10-24 16:15:36 Notice: Notice (8): Undefined variable: max in [/Volumes/external/Data/Programing/PHP/www/cakephp_muster/cake/libs/validation.php, line 178]
2011-10-24 16:15:36 Notice: Notice (8): Undefined variable: status in [/Volumes/external/Data/Programing/PHP/www/live_teacher_server/website/api/views/users/register.ctp, line 1]
2011-10-24 16:15:39 Notice: Notice (8): Undefined variable: min in [/Volumes/external/Data/Programing/PHP/www/cakephp_muster/cake/libs/validation.php, line 178]
2011-10-24 16:15:39 Notice: Notice (8): Undefined variable: max in [/Volumes/external/Data/Programing/PHP/www/cakephp_muster/cake/libs/validation.php, line 178]
2011-10-24 16:15:39 Notice: Notice (8): Undefined variable: status in [/Volumes/external/Data/Programing/PHP/www/live_teacher_server/website/api/views/users/register.ctp, line 1]
2011-10-24 16:15:41 Notice: Notice (8): Undefined variable: min in [/Volumes/external/Data/Programing/PHP/www/cakephp_muster/cake/libs/validation.php, line 178]
2011-10-24 16:15:41 Notice: Notice (8): Undefined variable: max in [/Volumes/external/Data/Programing/PHP/www/cakephp_muster/cake/libs/validation.php, line 178]
2011-10-24 16:15:41 Notice: Notice (8): Undefined variable: status in [/Volumes/external/Data/Programing/PHP/www/live_teacher_server/website/api/views/users/register.ctp, line 1]
2011-10-24 16:17:48 Notice: Notice (8): Undefined variable: min in [/Volumes/external/Data/Programing/PHP/www/cakephp_muster/cake/libs/validation.php, line 178]
2011-10-24 16:17:48 Notice: Notice (8): Undefined variable: max in [/Volumes/external/Data/Programing/PHP/www/cakephp_muster/cake/libs/validation.php, line 178]
2011-10-24 16:17:48 Notice: Notice (8): Undefined variable: status in [/Volumes/external/Data/Programing/PHP/www/live_teacher_server/website/api/views/users/register.ctp, line 1]
2011-10-24 16:18:26 Notice: Notice (8): Undefined variable: min in [/Volumes/external/Data/Programing/PHP/www/cakephp_muster/cake/libs/validation.php, line 178]
2011-10-24 16:18:26 Notice: Notice (8): Undefined variable: max in [/Volumes/external/Data/Programing/PHP/www/cakephp_muster/cake/libs/validation.php, line 178]
2011-10-24 16:18:26 Notice: Notice (8): Undefined variable: status in [/Volumes/external/Data/Programing/PHP/www/live_teacher_server/website/api/views/users/register.ctp, line 1]
2011-10-24 16:18:36 Notice: Notice (8): Undefined variable: min in [/Volumes/external/Data/Programing/PHP/www/cakephp_muster/cake/libs/validation.php, line 178]
2011-10-24 16:18:36 Notice: Notice (8): Undefined variable: max in [/Volumes/external/Data/Programing/PHP/www/cakephp_muster/cake/libs/validation.php, line 178]
2011-10-24 16:18:36 Notice: Notice (8): Undefined variable: status in [/Volumes/external/Data/Programing/PHP/www/live_teacher_server/website/api/views/users/register.ctp, line 1]
2011-10-24 16:22:17 Notice: Notice (8): Undefined index:  verifystring in [/Volumes/external/Data/Programing/PHP/www/live_teacher_server/website/api/controllers/users_controller.php, line 57]
2011-10-24 16:30:55 Notice: Notice (8): Undefined index:  verifystring in [/Volumes/external/Data/Programing/PHP/www/live_teacher_server/website/api/controllers/users_controller.php, line 57]
2011-10-24 16:31:12 Notice: Notice (8): Undefined index:  verifystring in [/Volumes/external/Data/Programing/PHP/www/live_teacher_server/website/api/controllers/users_controller.php, line 57]
2011-10-24 16:32:33 Notice: Notice (8): Undefined index:  verifystring in [/Volumes/external/Data/Programing/PHP/www/live_teacher_server/website/api/controllers/users_controller.php, line 57]
2011-10-24 16:36:26 Notice: Notice (8): Undefined index:  verifystring in [/Volumes/external/Data/Programing/PHP/www/live_teacher_server/website/api/controllers/users_controller.php, line 56]
2011-10-24 16:37:35 Notice: Notice (8): Undefined index:  verifystring in [/Volumes/external/Data/Programing/PHP/www/live_teacher_server/website/api/controllers/users_controller.php, line 56]
2011-10-24 16:45:20 Notice: Notice (8): Undefined index:  verifystring in [/Volumes/external/Data/Programing/PHP/www/live_teacher_server/website/api/controllers/users_controller.php, line 56]
2011-10-24 16:46:07 Notice: Notice (8): Undefined index:  verifystring in [/Volumes/external/Data/Programing/PHP/www/live_teacher_server/website/api/controllers/users_controller.php, line 56]
2011-10-24 17:32:37 Notice: Notice (8): Undefined index:  hash in [/Volumes/external/Data/Programing/PHP/www/live_teacher_server/website/api/controllers/users_controller.php, line 103]
2011-10-24 17:32:37 Notice: Notice (8): Undefined variable: isAlreadyRegistred in [/Volumes/external/Data/Programing/PHP/www/live_teacher_server/website/api/controllers/users_controller.php, line 110]
2011-10-26 17:20:44 Notice: Notice (8): Undefined index:  hash in [/Volumes/external/Data/Programing/PHP/www/live_teacher_server/website/api/controllers/users_controller.php, line 103]
2011-10-26 17:20:44 Notice: Notice (8): Undefined variable: isAlreadyRegistred in [/Volumes/external/Data/Programing/PHP/www/live_teacher_server/website/api/controllers/users_controller.php, line 110]
2011-10-26 17:20:47 Notice: Notice (8): Undefined index:  hash in [/Volumes/external/Data/Programing/PHP/www/live_teacher_server/website/api/controllers/users_controller.php, line 103]
2011-10-26 17:20:47 Notice: Notice (8): Undefined variable: isAlreadyRegistred in [/Volumes/external/Data/Programing/PHP/www/live_teacher_server/website/api/controllers/users_controller.php, line 110]
2011-10-26 17:21:35 Notice: Notice (8): Undefined index:  hash in [/Volumes/external/Data/Programing/PHP/www/live_teacher_server/website/api/controllers/users_controller.php, line 103]
2011-10-26 17:21:35 Notice: Notice (8): Undefined variable: isAlreadyRegistred in [/Volumes/external/Data/Programing/PHP/www/live_teacher_server/website/api/controllers/users_controller.php, line 110]
2011-10-26 17:21:39 Notice: Notice (8): Undefined index:  hash in [/Volumes/external/Data/Programing/PHP/www/live_teacher_server/website/api/controllers/users_controller.php, line 103]
2011-10-26 17:21:39 Notice: Notice (8): Undefined variable: isAlreadyRegistred in [/Volumes/external/Data/Programing/PHP/www/live_teacher_server/website/api/controllers/users_controller.php, line 110]
2011-10-26 17:22:03 Notice: Notice (8): Undefined index:  hash in [/Volumes/external/Data/Programing/PHP/www/live_teacher_server/website/api/controllers/users_controller.php, line 103]
2011-10-26 17:22:03 Notice: Notice (8): Undefined variable: isAlreadyRegistred in [/Volumes/external/Data/Programing/PHP/www/live_teacher_server/website/api/controllers/users_controller.php, line 110]
2011-10-26 17:22:06 Notice: Notice (8): Undefined index:  hash in [/Volumes/external/Data/Programing/PHP/www/live_teacher_server/website/api/controllers/users_controller.php, line 103]
2011-10-26 17:22:06 Notice: Notice (8): Undefined variable: isAlreadyRegistred in [/Volumes/external/Data/Programing/PHP/www/live_teacher_server/website/api/controllers/users_controller.php, line 110]
2011-10-26 17:22:33 Notice: Notice (8): Undefined index:  hash in [/Volumes/external/Data/Programing/PHP/www/live_teacher_server/website/api/controllers/users_controller.php, line 103]
2011-10-26 17:22:33 Notice: Notice (8): Undefined variable: isAlreadyRegistred in [/Volumes/external/Data/Programing/PHP/www/live_teacher_server/website/api/controllers/users_controller.php, line 110]
2011-10-26 17:23:07 Notice: Notice (8): Undefined index:  hash in [/Volumes/external/Data/Programing/PHP/www/live_teacher_server/website/api/controllers/users_controller.php, line 103]
2011-10-26 17:23:07 Notice: Notice (8): Undefined variable: isAlreadyRegistred in [/Volumes/external/Data/Programing/PHP/www/live_teacher_server/website/api/controllers/users_controller.php, line 110]
2011-10-26 17:23:23 Notice: Notice (8): Undefined index:  hash in [/Volumes/external/Data/Programing/PHP/www/live_teacher_server/website/api/controllers/users_controller.php, line 103]
2011-10-26 17:23:23 Notice: Notice (8): Undefined variable: isAlreadyRegistred in [/Volumes/external/Data/Programing/PHP/www/live_teacher_server/website/api/controllers/users_controller.php, line 110]
2011-10-26 17:31:17 Notice: Notice (8): Undefined index:  hash in [/Volumes/external/Data/Programing/PHP/www/live_teacher_server/website/api/controllers/users_controller.php, line 103]
2011-10-26 17:31:17 Notice: Notice (8): Undefined variable: isAlreadyRegistred in [/Volumes/external/Data/Programing/PHP/www/live_teacher_server/website/api/controllers/users_controller.php, line 110]
2011-10-26 17:37:37 Notice: Notice (8): Undefined index:  hash in [/Volumes/external/Data/Programing/PHP/www/live_teacher_server/website/api/controllers/users_controller.php, line 103]
2011-10-26 17:37:37 Notice: Notice (8): Undefined variable: isAlreadyRegistred in [/Volumes/external/Data/Programing/PHP/www/live_teacher_server/website/api/controllers/users_controller.php, line 110]
2011-10-26 17:42:55 Notice: Notice (8): Undefined index:  hash in [/Volumes/external/Data/Programing/PHP/www/live_teacher_server/website/api/controllers/users_controller.php, line 103]
2011-10-26 17:49:32 Notice: Notice (8): Undefined index:  hash in [/Volumes/external/Data/Programing/PHP/www/live_teacher_server/website/api/controllers/users_controller.php, line 107]
2011-10-26 17:50:09 Notice: Notice (8): Undefined index:  hash in [/Volumes/external/Data/Programing/PHP/www/live_teacher_server/website/api/controllers/users_controller.php, line 107]
2011-10-26 17:50:37 Notice: Notice (8): Undefined index:  hash in [/Volumes/external/Data/Programing/PHP/www/live_teacher_server/website/api/controllers/users_controller.php, line 107]
2011-10-26 17:52:15 Notice: Notice (8): Undefined index:  hash in [/Volumes/external/Data/Programing/PHP/www/live_teacher_server/website/api/controllers/users_controller.php, line 107]
2011-10-26 17:54:04 Notice: Notice (8): Undefined index:  hash in [/Volumes/external/Data/Programing/PHP/www/live_teacher_server/website/api/controllers/users_controller.php, line 107]
2011-10-26 17:54:17 Notice: Notice (8): Undefined index:  hash in [/Volumes/external/Data/Programing/PHP/www/live_teacher_server/website/api/controllers/users_controller.php, line 107]
2011-10-26 17:56:37 Notice: Notice (8): Undefined index:  hash in [/Volumes/external/Data/Programing/PHP/www/live_teacher_server/website/api/controllers/users_controller.php, line 107]
2011-10-26 17:56:39 Notice: Notice (8): Undefined index:  hash in [/Volumes/external/Data/Programing/PHP/www/live_teacher_server/website/api/controllers/users_controller.php, line 107]
2011-10-26 17:57:31 Notice: Notice (8): Undefined index:  hash in [/Volumes/external/Data/Programing/PHP/www/live_teacher_server/website/api/controllers/users_controller.php, line 107]
2011-10-26 17:58:16 Notice: Notice (8): Undefined index:  hash in [/Volumes/external/Data/Programing/PHP/www/live_teacher_server/website/api/controllers/users_controller.php, line 107]
2011-10-26 17:58:46 Notice: Notice (8): Undefined index:  hash in [/Volumes/external/Data/Programing/PHP/www/live_teacher_server/website/api/controllers/users_controller.php, line 107]
2011-10-26 17:59:14 Notice: Notice (8): Undefined index:  hash in [/Volumes/external/Data/Programing/PHP/www/live_teacher_server/website/api/controllers/users_controller.php, line 107]
2011-10-26 18:00:03 Notice: Notice (8): Undefined index:  hash in [/Volumes/external/Data/Programing/PHP/www/live_teacher_server/website/api/controllers/users_controller.php, line 107]
2011-10-26 18:00:18 Notice: Notice (8): Undefined index:  hash in [/Volumes/external/Data/Programing/PHP/www/live_teacher_server/website/api/controllers/users_controller.php, line 107]
2011-10-26 18:00:37 Notice: Notice (8): Undefined index:  hash in [/Volumes/external/Data/Programing/PHP/www/live_teacher_server/website/api/controllers/users_controller.php, line 107]
2011-10-26 18:00:58 Notice: Notice (8): Undefined index:  hash in [/Volumes/external/Data/Programing/PHP/www/live_teacher_server/website/api/controllers/users_controller.php, line 107]
2011-10-26 18:01:07 Notice: Notice (8): Undefined index:  hash in [/Volumes/external/Data/Programing/PHP/www/live_teacher_server/website/api/controllers/users_controller.php, line 107]
2011-10-26 18:01:59 Notice: Notice (8): Undefined index:  hash in [/Volumes/external/Data/Programing/PHP/www/live_teacher_server/website/api/controllers/users_controller.php, line 107]
2011-10-26 18:02:26 Notice: Notice (8): Undefined index:  hash in [/Volumes/external/Data/Programing/PHP/www/live_teacher_server/website/api/controllers/users_controller.php, line 107]
2011-10-26 18:03:37 Notice: Notice (8): Undefined index:  hash in [/Volumes/external/Data/Programing/PHP/www/live_teacher_server/website/api/controllers/users_controller.php, line 107]
2011-10-26 18:03:39 Notice: Notice (8): Undefined index:  hash in [/Volumes/external/Data/Programing/PHP/www/live_teacher_server/website/api/controllers/users_controller.php, line 107]
2011-10-26 18:55:49 Notice: Notice (8): Undefined index:  hash in [/Volumes/external/Data/Programing/PHP/www/live_teacher_server/website/api/controllers/users_controller.php, line 108]
2011-10-26 18:55:49 Notice: Notice (8): Undefined index:  applang in [/Volumes/external/Data/Programing/PHP/www/live_teacher_server/website/api/controllers/users_controller.php, line 110]
2011-10-26 18:56:12 Notice: Notice (8): Undefined index:  hash in [/Volumes/external/Data/Programing/PHP/www/live_teacher_server/website/api/controllers/users_controller.php, line 108]
2011-10-26 18:56:35 Notice: Notice (8): Undefined index:  hash in [/Volumes/external/Data/Programing/PHP/www/live_teacher_server/website/api/controllers/users_controller.php, line 108]
2011-10-26 21:17:44 Notice: Notice (8): Undefined variable: status in [/Volumes/external/Data/Programing/PHP/www/live_teacher_server/website/api/views/users/account.ctp, line 1]
2011-10-26 21:17:57 Notice: Notice (8): Undefined variable: status in [/Volumes/external/Data/Programing/PHP/www/live_teacher_server/website/api/views/users/account.ctp, line 1]
2011-10-26 21:18:08 Notice: Notice (8): Undefined variable: status in [/Volumes/external/Data/Programing/PHP/www/live_teacher_server/website/api/views/users/account.ctp, line 1]
2011-10-26 21:18:16 Notice: Notice (8): Undefined variable: status in [/Volumes/external/Data/Programing/PHP/www/live_teacher_server/website/api/views/users/account.ctp, line 1]
2011-10-26 21:18:32 Notice: Notice (8): Undefined variable: status in [/Volumes/external/Data/Programing/PHP/www/live_teacher_server/website/api/views/users/account.ctp, line 1]
2011-10-26 21:19:33 Notice: Notice (8): Undefined variable: status in [/Volumes/external/Data/Programing/PHP/www/live_teacher_server/website/api/views/users/login.ctp, line 1]
2011-10-26 21:20:08 Notice: Notice (8): Undefined variable: status in [/Volumes/external/Data/Programing/PHP/www/live_teacher_server/website/api/views/users/account.ctp, line 1]
2011-10-26 21:20:34 Notice: Notice (8): Undefined variable: status in [/Volumes/external/Data/Programing/PHP/www/live_teacher_server/website/api/views/users/login.ctp, line 1]
2011-10-26 21:20:44 Notice: Notice (8): Undefined variable: status in [/Volumes/external/Data/Programing/PHP/www/live_teacher_server/website/api/views/users/account.ctp, line 1]
2011-10-26 21:21:26 Notice: Notice (8): Undefined variable: status in [/Volumes/external/Data/Programing/PHP/www/live_teacher_server/website/api/views/users/account.ctp, line 1]
2011-10-26 21:24:56 Notice: Notice (8): Undefined variable: status in [/Volumes/external/Data/Programing/PHP/www/live_teacher_server/website/api/views/users/login.ctp, line 1]
2011-10-26 21:24:59 Notice: Notice (8): Undefined variable: status in [/Volumes/external/Data/Programing/PHP/www/live_teacher_server/website/api/views/users/account.ctp, line 1]
2011-10-26 21:26:30 Notice: Notice (8): Undefined variable: status in [/Volumes/external/Data/Programing/PHP/www/live_teacher_server/website/api/views/users/account.ctp, line 1]
2011-10-26 21:26:33 Notice: Notice (8): Undefined variable: status in [/Volumes/external/Data/Programing/PHP/www/live_teacher_server/website/api/views/users/login.ctp, line 1]
2011-10-26 21:26:35 Notice: Notice (8): Undefined variable: status in [/Volumes/external/Data/Programing/PHP/www/live_teacher_server/website/api/views/users/login.ctp, line 1]
2011-10-26 21:26:42 Notice: Notice (8): Undefined variable: status in [/Volumes/external/Data/Programing/PHP/www/live_teacher_server/website/api/views/users/login.ctp, line 1]
2011-10-26 21:26:56 Notice: Notice (8): Undefined variable: status in [/Volumes/external/Data/Programing/PHP/www/live_teacher_server/website/api/views/users/login.ctp, line 1]
2011-10-26 21:27:42 Notice: Notice (8): Undefined variable: status in [/Volumes/external/Data/Programing/PHP/www/live_teacher_server/website/api/views/users/login.ctp, line 1]
2011-10-26 21:28:15 Notice: Notice (8): Undefined variable: status in [/Volumes/external/Data/Programing/PHP/www/live_teacher_server/website/api/views/users/account.ctp, line 1]
2011-10-26 21:28:17 Notice: Notice (8): Undefined variable: status in [/Volumes/external/Data/Programing/PHP/www/live_teacher_server/website/api/views/users/account.ctp, line 1]
2011-10-26 21:30:20 Notice: Notice (8): Undefined variable: status in [/Volumes/external/Data/Programing/PHP/www/live_teacher_server/website/api/views/users/login.ctp, line 1]
2011-10-26 21:30:39 Notice: Notice (8): Undefined variable: status in [/Volumes/external/Data/Programing/PHP/www/live_teacher_server/website/api/views/users/login.ctp, line 1]
2011-10-26 21:33:15 Notice: Notice (8): Undefined variable: status in [/Volumes/external/Data/Programing/PHP/www/live_teacher_server/website/api/views/users/login.ctp, line 1]
2011-10-26 21:33:16 Notice: Notice (8): Undefined variable: status in [/Volumes/external/Data/Programing/PHP/www/live_teacher_server/website/api/views/users/login.ctp, line 1]
2011-10-26 21:37:03 Notice: Notice (8): Undefined variable: status in [/Volumes/external/Data/Programing/PHP/www/live_teacher_server/website/api/views/users/login.ctp, line 1]
2011-10-26 21:39:29 Notice: Notice (8): Undefined variable: status in [/Volumes/external/Data/Programing/PHP/www/live_teacher_server/website/api/views/users/login.ctp, line 1]
2011-10-26 21:39:31 Notice: Notice (8): Undefined variable: status in [/Volumes/external/Data/Programing/PHP/www/live_teacher_server/website/api/views/users/login.ctp, line 1]
2011-10-26 21:39:57 Notice: Notice (8): Undefined variable: status in [/Volumes/external/Data/Programing/PHP/www/live_teacher_server/website/api/views/users/login.ctp, line 1]
2011-10-26 21:39:59 Notice: Notice (8): Undefined variable: status in [/Volumes/external/Data/Programing/PHP/www/live_teacher_server/website/api/views/users/login.ctp, line 1]
2011-10-26 21:40:16 Notice: Notice (8): Undefined variable: status in [/Volumes/external/Data/Programing/PHP/www/live_teacher_server/website/api/views/users/login.ctp, line 1]
2011-10-26 21:40:19 Notice: Notice (8): Undefined variable: status in [/Volumes/external/Data/Programing/PHP/www/live_teacher_server/website/api/views/users/login.ctp, line 1]
2011-10-26 21:40:28 Notice: Notice (8): Undefined variable: status in [/Volumes/external/Data/Programing/PHP/www/live_teacher_server/website/api/views/users/login.ctp, line 1]
2011-10-26 21:40:30 Notice: Notice (8): Undefined variable: status in [/Volumes/external/Data/Programing/PHP/www/live_teacher_server/website/api/views/users/login.ctp, line 1]
2011-10-26 21:42:35 Notice: Notice (8): Undefined variable: status in [/Volumes/external/Data/Programing/PHP/www/live_teacher_server/website/api/views/users/login.ctp, line 1]
2011-10-26 21:52:06 Notice: Notice (8): Undefined variable: status in [/Volumes/external/Data/Programing/PHP/www/live_teacher_server/website/api/views/users/login.ctp, line 1]
2011-10-26 21:52:08 Notice: Notice (8): Undefined variable: status in [/Volumes/external/Data/Programing/PHP/www/live_teacher_server/website/api/views/users/login.ctp, line 1]
2011-10-26 21:52:41 Notice: Notice (8): Undefined variable: status in [/Volumes/external/Data/Programing/PHP/www/live_teacher_server/website/api/views/users/login.ctp, line 1]
2011-10-26 21:53:00 Notice: Notice (8): Undefined variable: status in [/Volumes/external/Data/Programing/PHP/www/live_teacher_server/website/api/views/users/login.ctp, line 1]
2011-10-26 21:54:24 Notice: Notice (8): Undefined variable: status in [/Volumes/external/Data/Programing/PHP/www/live_teacher_server/website/api/views/users/login.ctp, line 1]
2011-10-26 21:55:33 Notice: Notice (8): Undefined variable: status in [/Volumes/external/Data/Programing/PHP/www/live_teacher_server/website/api/views/users/login.ctp, line 1]
2011-10-26 21:55:37 Notice: Notice (8): Undefined variable: status in [/Volumes/external/Data/Programing/PHP/www/live_teacher_server/website/api/views/users/login.ctp, line 1]
2011-10-26 21:56:04 Notice: Notice (8): Undefined variable: status in [/Volumes/external/Data/Programing/PHP/www/live_teacher_server/website/api/views/users/login.ctp, line 1]
2011-10-26 21:56:06 Notice: Notice (8): Undefined variable: status in [/Volumes/external/Data/Programing/PHP/www/live_teacher_server/website/api/views/users/login.ctp, line 1]
2011-10-26 22:00:06 Notice: Notice (8): Undefined variable: status in [/Volumes/external/Data/Programing/PHP/www/live_teacher_server/website/api/views/users/login.ctp, line 1]
2011-10-26 22:00:38 Notice: Notice (8): Undefined variable: status in [/Volumes/external/Data/Programing/PHP/www/live_teacher_server/website/api/views/users/login.ctp, line 1]
2011-10-26 22:02:06 Notice: Notice (8): Undefined variable: status in [/Volumes/external/Data/Programing/PHP/www/live_teacher_server/website/api/views/users/login.ctp, line 1]
2011-10-26 22:02:08 Notice: Notice (8): Undefined variable: status in [/Volumes/external/Data/Programing/PHP/www/live_teacher_server/website/api/views/users/login.ctp, line 1]
2011-10-26 22:03:30 Notice: Notice (8): Undefined variable: status in [/Volumes/external/Data/Programing/PHP/www/live_teacher_server/website/api/views/users/login.ctp, line 1]
2011-10-26 22:03:33 Notice: Notice (8): Undefined variable: status in [/Volumes/external/Data/Programing/PHP/www/live_teacher_server/website/api/views/users/login.ctp, line 1]
2011-10-26 22:04:31 Notice: Notice (8): Undefined variable: status in [/Volumes/external/Data/Programing/PHP/www/live_teacher_server/website/api/views/users/login.ctp, line 1]
2011-10-26 22:04:50 Notice: Notice (8): Undefined variable: status in [/Volumes/external/Data/Programing/PHP/www/live_teacher_server/website/api/views/users/login.ctp, line 1]
2011-10-26 22:05:12 Notice: Notice (8): Undefined variable: status in [/Volumes/external/Data/Programing/PHP/www/live_teacher_server/website/api/views/users/login.ctp, line 1]
2011-10-26 22:07:06 Notice: Notice (8): Undefined variable: status in [/Volumes/external/Data/Programing/PHP/www/live_teacher_server/website/api/views/users/login.ctp, line 1]
2011-10-26 22:08:40 Notice: Notice (8): Undefined variable: status in [/Volumes/external/Data/Programing/PHP/www/live_teacher_server/website/api/views/users/login.ctp, line 1]
2011-10-26 22:09:07 Notice: Notice (8): Undefined variable: status in [/Volumes/external/Data/Programing/PHP/www/live_teacher_server/website/api/views/users/login.ctp, line 1]
2011-10-26 22:17:22 Notice: Notice (8): Undefined variable: status in [/Volumes/external/Data/Programing/PHP/www/live_teacher_server/website/api/views/users/login.ctp, line 1]
2011-10-26 22:17:24 Notice: Notice (8): Undefined variable: status in [/Volumes/external/Data/Programing/PHP/www/live_teacher_server/website/api/views/users/login.ctp, line 1]
2011-10-26 22:17:26 Notice: Notice (8): Undefined variable: status in [/Volumes/external/Data/Programing/PHP/www/live_teacher_server/website/api/views/users/login.ctp, line 1]
2011-10-26 22:18:14 Notice: Notice (8): Undefined variable: status in [/Volumes/external/Data/Programing/PHP/www/live_teacher_server/website/api/views/users/login.ctp, line 1]
2011-10-26 22:18:16 Notice: Notice (8): Undefined variable: status in [/Volumes/external/Data/Programing/PHP/www/live_teacher_server/website/api/views/users/login.ctp, line 1]
2011-10-26 22:18:41 Notice: Notice (8): Undefined variable: status in [/Volumes/external/Data/Programing/PHP/www/live_teacher_server/website/api/views/users/login.ctp, line 1]
2011-10-26 22:20:25 Notice: Notice (8): Undefined variable: status in [/Volumes/external/Data/Programing/PHP/www/live_teacher_server/website/api/views/users/login.ctp, line 1]
2011-10-26 22:21:55 Notice: Notice (8): Undefined variable: status in [/Volumes/external/Data/Programing/PHP/www/live_teacher_server/website/api/views/users/login.ctp, line 1]
2011-10-26 22:21:56 Notice: Notice (8): Undefined variable: status in [/Volumes/external/Data/Programing/PHP/www/live_teacher_server/website/api/views/users/login.ctp, line 1]
2011-10-26 22:22:01 Notice: Notice (8): Undefined variable: status in [/Volumes/external/Data/Programing/PHP/www/live_teacher_server/website/api/views/users/login.ctp, line 1]
2011-10-26 22:22:27 Notice: Notice (8): Undefined variable: status in [/Volumes/external/Data/Programing/PHP/www/live_teacher_server/website/api/views/users/login.ctp, line 1]
2011-10-27 09:32:59 Notice: Notice (8): Undefined variable: status in [/Volumes/external/Data/Programing/PHP/www/live_teacher_server/website/api/views/users/login.ctp, line 1]
2011-10-27 09:34:43 Notice: Notice (8): Undefined variable: status in [/Volumes/external/Data/Programing/PHP/www/live_teacher_server/website/api/views/users/login.ctp, line 1]
2011-10-27 09:34:45 Notice: Notice (8): Undefined variable: status in [/Volumes/external/Data/Programing/PHP/www/live_teacher_server/website/api/views/users/login.ctp, line 1]
2011-10-27 09:35:18 Notice: Notice (8): Undefined variable: status in [/Volumes/external/Data/Programing/PHP/www/live_teacher_server/website/api/views/users/login.ctp, line 1]
2011-10-27 09:35:20 Notice: Notice (8): Undefined variable: status in [/Volumes/external/Data/Programing/PHP/www/live_teacher_server/website/api/views/users/login.ctp, line 1]
2011-10-27 09:35:38 Notice: Notice (8): Undefined variable: status in [/Volumes/external/Data/Programing/PHP/www/live_teacher_server/website/api/views/users/login.ctp, line 1]
2011-10-27 09:36:06 Notice: Notice (8): Undefined variable: status in [/Volumes/external/Data/Programing/PHP/www/live_teacher_server/website/api/views/users/login.ctp, line 1]
2011-10-27 09:36:08 Notice: Notice (8): Undefined variable: status in [/Volumes/external/Data/Programing/PHP/www/live_teacher_server/website/api/views/users/login.ctp, line 1]
2011-10-31 18:12:06 Notice: Notice (8): Undefined variable: userInfo in [/Volumes/external/Data/Programing/PHP/www/live_teacher_server/website/api/views/users/account.ctp, line 3]
2011-10-31 18:13:05 Notice: Notice (8): Undefined variable: userInfo in [/Volumes/external/Data/Programing/PHP/www/live_teacher_server/website/api/views/users/account.ctp, line 3]
2011-10-31 18:13:14 Notice: Notice (8): Undefined variable: userInfo in [/Volumes/external/Data/Programing/PHP/www/live_teacher_server/website/api/views/users/account.ctp, line 3]
2011-10-31 18:13:36 Notice: Notice (8): Undefined variable: userInfo in [/Volumes/external/Data/Programing/PHP/www/live_teacher_server/website/api/views/users/account.ctp, line 3]
2011-10-31 18:14:27 Notice: Notice (8): Undefined variable: userInfo in [/Volumes/external/Data/Programing/PHP/www/live_teacher_server/website/api/views/users/account.ctp, line 3]
2011-10-31 18:14:28 Notice: Notice (8): Undefined variable: userInfo in [/Volumes/external/Data/Programing/PHP/www/live_teacher_server/website/api/views/users/account.ctp, line 3]
2011-10-31 18:17:16 Notice: Notice (8): Undefined variable: userInfo in [/Volumes/external/Data/Programing/PHP/www/live_teacher_server/website/api/views/users/account.ctp, line 3]
2011-10-31 18:36:11 Notice: Notice (8): Undefined index:  id in [/Volumes/external/Data/Programing/PHP/www/live_teacher_server/website/api/controllers/users_controller.php, line 224]
2011-10-31 18:36:11 Notice: Notice (8): Undefined index:  email in [/Volumes/external/Data/Programing/PHP/www/live_teacher_server/website/api/controllers/users_controller.php, line 225]
2011-10-31 18:36:41 Notice: Notice (8): Undefined index:  id in [/Volumes/external/Data/Programing/PHP/www/live_teacher_server/website/api/controllers/users_controller.php, line 224]
2011-10-31 18:36:41 Notice: Notice (8): Undefined index:  email in [/Volumes/external/Data/Programing/PHP/www/live_teacher_server/website/api/controllers/users_controller.php, line 225]
2011-10-31 18:36:43 Notice: Notice (8): Undefined index:  id in [/Volumes/external/Data/Programing/PHP/www/live_teacher_server/website/api/controllers/users_controller.php, line 224]
2011-10-31 18:36:43 Notice: Notice (8): Undefined index:  email in [/Volumes/external/Data/Programing/PHP/www/live_teacher_server/website/api/controllers/users_controller.php, line 225]
2011-10-31 18:37:00 Notice: Notice (8): Undefined index:  id in [/Volumes/external/Data/Programing/PHP/www/live_teacher_server/website/api/controllers/users_controller.php, line 224]
2011-10-31 18:37:00 Notice: Notice (8): Undefined index:  email in [/Volumes/external/Data/Programing/PHP/www/live_teacher_server/website/api/controllers/users_controller.php, line 225]
2011-10-31 18:37:49 Notice: Notice (8): Undefined index:  email in [/Volumes/external/Data/Programing/PHP/www/live_teacher_server/website/api/controllers/users_controller.php, line 225]
2011-10-31 18:50:16 Notice: Notice (8): Undefined index:  cakephp in [/Volumes/external/Data/Programing/PHP/www/live_teacher_server/website/api/controllers/users_controller.php, line 218]
2011-10-31 18:50:20 Notice: Notice (8): Undefined index:  cakephp in [/Volumes/external/Data/Programing/PHP/www/live_teacher_server/website/api/controllers/users_controller.php, line 218]
2011-10-31 18:51:06 Notice: Notice (8): Undefined index:  CAKEPHP in [/Volumes/external/Data/Programing/PHP/www/live_teacher_server/website/api/controllers/users_controller.php, line 218]
2011-10-31 18:51:33 Notice: Notice (8): Undefined index:  CAKEPHP in [/Volumes/external/Data/Programing/PHP/www/live_teacher_server/website/api/controllers/users_controller.php, line 218]
2011-10-31 20:00:37 Notice: Notice (8): Undefined index:  test in [/Volumes/external/Data/Programing/PHP/www/live_teacher_server/website/api/controllers/users_controller.php, line 236]
2011-10-31 20:00:38 Notice: Notice (8): Undefined index:  test in [/Volumes/external/Data/Programing/PHP/www/live_teacher_server/website/api/controllers/users_controller.php, line 236]
2011-10-31 20:01:25 Notice: Notice (8): Undefined index:  test in [/Volumes/external/Data/Programing/PHP/www/live_teacher_server/website/api/controllers/users_controller.php, line 236]
2011-10-31 20:19:16 Notice: Notice (8): Undefined index:  test in [/Volumes/external/Data/Programing/PHP/www/live_teacher_server/website/api/controllers/users_controller.php, line 236]
2011-10-31 20:19:49 Notice: Notice (8): Undefined index:  test in [/Volumes/external/Data/Programing/PHP/www/live_teacher_server/website/api/controllers/users_controller.php, line 236]
2011-10-31 20:19:50 Notice: Notice (8): Undefined index:  test in [/Volumes/external/Data/Programing/PHP/www/live_teacher_server/website/api/controllers/users_controller.php, line 236]
2011-10-31 20:20:07 Notice: Notice (8): Undefined index:  test in [/Volumes/external/Data/Programing/PHP/www/live_teacher_server/website/api/controllers/users_controller.php, line 236]
2011-10-31 20:21:23 Notice: Notice (8): Undefined index:  test in [/Volumes/external/Data/Programing/PHP/www/live_teacher_server/website/api/controllers/users_controller.php, line 236]
2011-10-31 20:21:24 Notice: Notice (8): Undefined index:  test in [/Volumes/external/Data/Programing/PHP/www/live_teacher_server/website/api/controllers/users_controller.php, line 236]
2011-10-31 20:25:34 Notice: Notice (8): Undefined index:  test in [/Volumes/external/Data/Programing/PHP/www/live_teacher_server/website/api/controllers/users_controller.php, line 236]
2011-10-31 20:25:45 Notice: Notice (8): Undefined index:  test in [/Volumes/external/Data/Programing/PHP/www/live_teacher_server/website/api/controllers/users_controller.php, line 236]
2011-10-31 20:26:25 Notice: Notice (8): Undefined index:  test in [/Volumes/external/Data/Programing/PHP/www/live_teacher_server/website/api/controllers/users_controller.php, line 236]
2011-10-31 20:52:38 Notice: Notice (8): Undefined index:  test in [/Volumes/external/Data/Programing/PHP/www/live_teacher_server/website/api/controllers/users_controller.php, line 236]
2011-10-31 20:54:00 Notice: Notice (8): Undefined index:  nazev in [/Volumes/external/Data/Programing/PHP/www/live_teacher_server/website/api/controllers/users_controller.php, line 236]
2011-10-31 20:54:01 Notice: Notice (8): Undefined index:  nazev in [/Volumes/external/Data/Programing/PHP/www/live_teacher_server/website/api/controllers/users_controller.php, line 236]
2011-10-31 21:14:58 Notice: Notice (8): Undefined index:  nazev in [/Volumes/external/Data/Programing/PHP/www/live_teacher_server/website/api/controllers/users_controller.php, line 236]
2011-10-31 21:17:55 Notice: Notice (8): Undefined index:  nazev in [/Volumes/external/Data/Programing/PHP/www/live_teacher_server/website/api/controllers/users_controller.php, line 237]
2011-10-31 21:18:13 Notice: Notice (8): Undefined index:  nazev in [/Volumes/external/Data/Programing/PHP/www/live_teacher_server/website/api/controllers/users_controller.php, line 237]
2011-10-31 21:18:13 Notice: Notice (8): Undefined variable: id in [/Volumes/external/Data/Programing/PHP/www/live_teacher_server/website/api/controllers/users_controller.php, line 240]
2011-10-31 21:18:13 Notice: Notice (8): Undefined offset:  0 in [/Volumes/external/Data/Programing/PHP/www/live_teacher_server/website/api/controllers/users_controller.php, line 243]
2011-10-31 21:18:13 Notice: Notice (8): Undefined offset:  0 in [/Volumes/external/Data/Programing/PHP/www/live_teacher_server/website/api/controllers/users_controller.php, line 244]
2011-11-01 09:02:53 Notice: Notice (8): Undefined index:  loginstatus in [/Volumes/external/Data/Programing/PHP/www/live_teacher_server/website/api/controllers/users_controller.php, line 237]
2011-11-01 09:03:40 Notice: Notice (8): Undefined index:  loginstatus in [/Volumes/external/Data/Programing/PHP/www/live_teacher_server/website/api/controllers/users_controller.php, line 237]
2011-11-01 09:03:41 Notice: Notice (8): Undefined index:  loginstatus in [/Volumes/external/Data/Programing/PHP/www/live_teacher_server/website/api/controllers/users_controller.php, line 237]
2011-11-01 09:03:47 Notice: Notice (8): Undefined index:  loginstatus in [/Volumes/external/Data/Programing/PHP/www/live_teacher_server/website/api/controllers/users_controller.php, line 237]
2011-11-01 09:04:27 Notice: Notice (8): Undefined index:  loginstatus in [/Volumes/external/Data/Programing/PHP/www/live_teacher_server/website/api/controllers/users_controller.php, line 237]
2011-11-01 09:04:28 Notice: Notice (8): Undefined index:  loginstatus in [/Volumes/external/Data/Programing/PHP/www/live_teacher_server/website/api/controllers/users_controller.php, line 237]
2011-11-01 09:04:29 Notice: Notice (8): Undefined index:  loginstatus in [/Volumes/external/Data/Programing/PHP/www/live_teacher_server/website/api/controllers/users_controller.php, line 237]
2011-11-01 09:05:08 Notice: Notice (8): Undefined index:  text in [/Volumes/external/Data/Programing/PHP/www/live_teacher_server/website/api/controllers/users_controller.php, line 259]
2011-11-01 09:07:05 Notice: Notice (8): Undefined index:  loginstatus in [/Volumes/external/Data/Programing/PHP/www/live_teacher_server/website/api/controllers/users_controller.php, line 237]
2011-11-01 09:07:06 Notice: Notice (8): Undefined index:  loginstatus in [/Volumes/external/Data/Programing/PHP/www/live_teacher_server/website/api/controllers/users_controller.php, line 237]
2011-11-01 09:18:46 Notice: Notice (8): Undefined index:  loginstatus in [/Volumes/external/Data/Programing/PHP/www/live_teacher_server/website/api/controllers/users_controller.php, line 237]
2011-11-01 09:18:47 Notice: Notice (8): Undefined index:  loginstatus in [/Volumes/external/Data/Programing/PHP/www/live_teacher_server/website/api/controllers/users_controller.php, line 237]
2011-11-01 09:18:49 Notice: Notice (8): Undefined index:  loginstatus in [/Volumes/external/Data/Programing/PHP/www/live_teacher_server/website/api/controllers/users_controller.php, line 237]
2011-11-01 09:18:50 Notice: Notice (8): Undefined index:  loginstatus in [/Volumes/external/Data/Programing/PHP/www/live_teacher_server/website/api/controllers/users_controller.php, line 237]
2011-11-01 09:19:20 Notice: Notice (8): Undefined index:  loginstatus in [/Volumes/external/Data/Programing/PHP/www/live_teacher_server/website/api/controllers/users_controller.php, line 237]
2011-11-01 09:19:27 Notice: Notice (8): Undefined index:  loginstatus in [/Volumes/external/Data/Programing/PHP/www/live_teacher_server/website/api/controllers/users_controller.php, line 237]
2011-11-01 09:22:29 Notice: Notice (8): Undefined index:  loginstatus in [/Volumes/external/Data/Programing/PHP/www/live_teacher_server/website/api/controllers/users_controller.php, line 237]
2011-11-01 09:22:50 Notice: Notice (8): Undefined index:  loginstatus in [/Volumes/external/Data/Programing/PHP/www/live_teacher_server/website/api/controllers/users_controller.php, line 237]
2011-11-01 09:22:51 Notice: Notice (8): Undefined index:  loginstatus in [/Volumes/external/Data/Programing/PHP/www/live_teacher_server/website/api/controllers/users_controller.php, line 237]
2011-11-01 09:22:52 Notice: Notice (8): Undefined index:  loginstatus in [/Volumes/external/Data/Programing/PHP/www/live_teacher_server/website/api/controllers/users_controller.php, line 237]
2011-11-01 09:23:30 Notice: Notice (8): Undefined index:  loginstatus in [/Volumes/external/Data/Programing/PHP/www/live_teacher_server/website/api/controllers/users_controller.php, line 237]
2011-11-01 09:24:11 Notice: Notice (8): Undefined index:  loginstatus in [/Volumes/external/Data/Programing/PHP/www/live_teacher_server/website/api/controllers/users_controller.php, line 237]
2011-11-01 09:24:12 Notice: Notice (8): Undefined index:  loginstatus in [/Volumes/external/Data/Programing/PHP/www/live_teacher_server/website/api/controllers/users_controller.php, line 237]
2011-11-01 09:24:13 Notice: Notice (8): Undefined index:  loginstatus in [/Volumes/external/Data/Programing/PHP/www/live_teacher_server/website/api/controllers/users_controller.php, line 237]
2011-11-01 09:24:35 Notice: Notice (8): Undefined index:  loginstatus in [/Volumes/external/Data/Programing/PHP/www/live_teacher_server/website/api/controllers/users_controller.php, line 237]
2011-11-01 09:25:02 Notice: Notice (8): Undefined index:  loginstatus in [/Volumes/external/Data/Programing/PHP/www/live_teacher_server/website/api/controllers/users_controller.php, line 237]
2011-11-01 09:26:25 Notice: Notice (8): Undefined index:  loginstatus in [/Volumes/external/Data/Programing/PHP/www/live_teacher_server/website/api/controllers/users_controller.php, line 237]
2011-11-01 09:26:33 Notice: Notice (8): Undefined index:  loginstatus in [/Volumes/external/Data/Programing/PHP/www/live_teacher_server/website/api/controllers/users_controller.php, line 237]
2011-11-01 09:26:34 Notice: Notice (8): Undefined index:  loginstatus in [/Volumes/external/Data/Programing/PHP/www/live_teacher_server/website/api/controllers/users_controller.php, line 237]
2011-11-01 09:30:24 Notice: Notice (8): Undefined index:  loginstatus in [/Volumes/external/Data/Programing/PHP/www/live_teacher_server/website/api/controllers/users_controller.php, line 237]
2011-11-01 09:30:49 Notice: Notice (8): Undefined index:  loginstatus in [/Volumes/external/Data/Programing/PHP/www/live_teacher_server/website/api/controllers/users_controller.php, line 237]
2011-11-01 09:39:30 Notice: Notice (8): Undefined index:  loginstatus in [/Volumes/external/Data/Programing/PHP/www/live_teacher_server/website/api/controllers/users_controller.php, line 237]
2011-11-03 08:54:21 Notice: Notice (8): Undefined index:  loginstatus in [/Volumes/external/Data/Programing/PHP/www/live_teacher_server/website/api/controllers/users_controller.php, line 236]
2011-11-03 08:55:44 Notice: Notice (8): Undefined index:  deviceid in [/Volumes/external/Data/Programing/PHP/www/live_teacher_server/website/api/controllers/users_controller.php, line 236]
2011-11-03 08:55:46 Notice: Notice (8): Undefined index:  deviceid in [/Volumes/external/Data/Programing/PHP/www/live_teacher_server/website/api/controllers/users_controller.php, line 236]
2011-11-03 08:56:52 Notice: Notice (8): Undefined index:  deviceid in [/Volumes/external/Data/Programing/PHP/www/live_teacher_server/website/api/controllers/users_controller.php, line 236]
2011-11-03 08:57:00 Notice: Notice (8): Undefined index:  deviceid in [/Volumes/external/Data/Programing/PHP/www/live_teacher_server/website/api/controllers/users_controller.php, line 236]
2011-11-03 08:57:08 Notice: Notice (8): Undefined index:  deviceid in [/Volumes/external/Data/Programing/PHP/www/live_teacher_server/website/api/controllers/users_controller.php, line 236]
2011-11-03 08:57:16 Notice: Notice (8): Undefined index:  deviceid in [/Volumes/external/Data/Programing/PHP/www/live_teacher_server/website/api/controllers/users_controller.php, line 236]
2011-11-03 08:57:18 Notice: Notice (8): Undefined index:  deviceid in [/Volumes/external/Data/Programing/PHP/www/live_teacher_server/website/api/controllers/users_controller.php, line 236]
2011-11-03 08:57:32 Notice: Notice (8): Undefined index:  deviceid in [/Volumes/external/Data/Programing/PHP/www/live_teacher_server/website/api/controllers/users_controller.php, line 236]
2011-11-03 08:57:36 Notice: Notice (8): Undefined index:  deviceid in [/Volumes/external/Data/Programing/PHP/www/live_teacher_server/website/api/controllers/users_controller.php, line 236]
2011-11-03 09:19:10 Notice: Notice (8): Undefined index:  deviceid in [/Volumes/external/Data/Programing/PHP/www/live_teacher_server/website/api/controllers/users_controller.php, line 236]
2011-11-20 22:18:22 Notice: Notice (8): Undefined index:  deviceid in [/Volumes/external/Data/Programing/PHP/www/live_teacher_server/website/api/controllers/users_controller.php, line 236]
2011-12-12 20:49:45 Notice: Notice (8): Undefined index:  deviceid in [/Volumes/external/Data/Programing/PHP/www/live_teacher_server/website/api/controllers/users_controller.php, line 37]
2011-12-12 20:49:45 Notice: Notice (8): Undefined index:  verifystring in [/Volumes/external/Data/Programing/PHP/www/live_teacher_server/website/api/controllers/users_controller.php, line 82]
2011-12-12 20:49:45 Notice: Notice (8): Undefined index:  id in [/Volumes/external/Data/Programing/PHP/www/live_teacher_server/website/api/controllers/users_controller.php, line 83]
2011-12-12 20:50:23 Notice: Notice (8): Undefined index:  deviceid in [/Volumes/external/Data/Programing/PHP/www/live_teacher_server/website/api/controllers/users_controller.php, line 37]
2011-12-12 21:38:09 Notice: Notice (8): Undefined index:  deviceid in [/Volumes/external/Data/Programing/PHP/www/live_teacher_server/website/api/controllers/users_controller.php, line 37]
2011-12-12 21:39:19 Notice: Notice (8): Undefined index:  deviceid in [/Volumes/external/Data/Programing/PHP/www/live_teacher_server/website/api/controllers/users_controller.php, line 37]
2011-12-12 21:40:53 Notice: Notice (8): Undefined index:  deviceid in [/Volumes/external/Data/Programing/PHP/www/live_teacher_server/website/api/controllers/users_controller.php, line 37]
2011-12-12 21:41:01 Notice: Notice (8): Undefined index:  deviceid in [/Volumes/external/Data/Programing/PHP/www/live_teacher_server/website/api/controllers/users_controller.php, line 37]
2011-12-12 21:45:41 Notice: Notice (8): Undefined index:  deviceid in [/Volumes/external/Data/Programing/PHP/www/live_teacher_server/website/api/controllers/users_controller.php, line 37]
2011-12-12 21:45:41 Notice: Notice (8): Undefined index:  verifystring in [/Volumes/external/Data/Programing/PHP/www/live_teacher_server/website/api/controllers/users_controller.php, line 82]
2011-12-12 21:45:41 Notice: Notice (8): Undefined index:  id in [/Volumes/external/Data/Programing/PHP/www/live_teacher_server/website/api/controllers/users_controller.php, line 83]
2011-12-12 21:46:07 Notice: Notice (8): Undefined index:  deviceid in [/Volumes/external/Data/Programing/PHP/www/live_teacher_server/website/api/controllers/users_controller.php, line 37]
2011-12-12 21:46:21 Notice: Notice (8): Undefined index:  deviceid in [/Volumes/external/Data/Programing/PHP/www/live_teacher_server/website/api/controllers/users_controller.php, line 37]
2011-12-12 21:46:34 Notice: Notice (8): Undefined index:  deviceid in [/Volumes/external/Data/Programing/PHP/www/live_teacher_server/website/api/controllers/users_controller.php, line 37]
2011-12-12 21:49:00 Notice: Notice (8): Undefined index:  deviceid in [/Volumes/external/Data/Programing/PHP/www/live_teacher_server/website/api/controllers/users_controller.php, line 37]
2011-12-12 21:49:19 Notice: Notice (8): Undefined index:  deviceid in [/Volumes/external/Data/Programing/PHP/www/live_teacher_server/website/api/controllers/users_controller.php, line 37]
2011-12-12 21:58:10 Notice: Notice (8): Undefined index:  deviceid in [/Volumes/external/Data/Programing/PHP/www/live_teacher_server/website/api/controllers/users_controller.php, line 37]
2011-12-12 22:06:08 Notice: Notice (8): Undefined index:  deviceid in [/Volumes/external/Data/Programing/PHP/www/live_teacher_server/website/api/controllers/users_controller.php, line 37]
2011-12-12 22:06:34 Notice: Notice (8): Undefined index:  deviceid in [/Volumes/external/Data/Programing/PHP/www/live_teacher_server/website/api/controllers/users_controller.php, line 37]
2011-12-12 22:06:34 Notice: Notice (8): Undefined index:  verifystring in [/Volumes/external/Data/Programing/PHP/www/live_teacher_server/website/api/controllers/users_controller.php, line 82]
2011-12-12 22:06:34 Notice: Notice (8): Undefined index:  id in [/Volumes/external/Data/Programing/PHP/www/live_teacher_server/website/api/controllers/users_controller.php, line 83]
2011-12-12 22:07:59 Notice: Notice (8): Undefined index:  deviceid in [/Volumes/external/Data/Programing/PHP/www/live_teacher_server/website/api/controllers/users_controller.php, line 37]
2011-12-12 22:07:59 Notice: Notice (8): Undefined index:  verifystring in [/Volumes/external/Data/Programing/PHP/www/live_teacher_server/website/api/controllers/users_controller.php, line 82]
2011-12-12 22:07:59 Notice: Notice (8): Undefined index:  id in [/Volumes/external/Data/Programing/PHP/www/live_teacher_server/website/api/controllers/users_controller.php, line 83]
2011-12-12 22:08:23 Notice: Notice (8): Undefined index:  deviceid in [/Volumes/external/Data/Programing/PHP/www/live_teacher_server/website/api/controllers/users_controller.php, line 37]
2011-12-12 22:08:23 Notice: Notice (8): Undefined index:  verifystring in [/Volumes/external/Data/Programing/PHP/www/live_teacher_server/website/api/controllers/users_controller.php, line 82]
2011-12-12 22:08:23 Notice: Notice (8): Undefined index:  id in [/Volumes/external/Data/Programing/PHP/www/live_teacher_server/website/api/controllers/users_controller.php, line 83]
2011-12-12 22:12:31 Notice: Notice (8): Undefined index:  deviceid in [/Volumes/external/Data/Programing/PHP/www/live_teacher_server/website/api/controllers/users_controller.php, line 37]
2011-12-12 22:12:36 Notice: Notice (8): Undefined index:  deviceid in [/Volumes/external/Data/Programing/PHP/www/live_teacher_server/website/api/controllers/users_controller.php, line 37]
2011-12-12 22:12:48 Notice: Notice (8): Undefined index:  deviceid in [/Volumes/external/Data/Programing/PHP/www/live_teacher_server/website/api/controllers/users_controller.php, line 37]
2011-12-12 22:12:48 Notice: Notice (8): Undefined index:  verifystring in [/Volumes/external/Data/Programing/PHP/www/live_teacher_server/website/api/controllers/users_controller.php, line 82]
2011-12-12 22:12:48 Notice: Notice (8): Undefined index:  id in [/Volumes/external/Data/Programing/PHP/www/live_teacher_server/website/api/controllers/users_controller.php, line 83]
2011-12-12 22:24:27 Notice: Notice (8): Undefined index:  deviceid in [/Volumes/external/Data/Programing/PHP/www/live_teacher_server/website/api/controllers/users_controller.php, line 37]
2011-12-12 22:25:19 Notice: Notice (8): Undefined index:  deviceid in [/Volumes/external/Data/Programing/PHP/www/live_teacher_server/website/api/controllers/users_controller.php, line 37]
2011-12-12 22:25:44 Notice: Notice (8): Undefined index:  deviceid in [/Volumes/external/Data/Programing/PHP/www/live_teacher_server/website/api/controllers/users_controller.php, line 37]
2011-12-12 22:25:45 Notice: Notice (8): Undefined index:  verifystring in [/Volumes/external/Data/Programing/PHP/www/live_teacher_server/website/api/controllers/users_controller.php, line 82]
2011-12-12 22:25:45 Notice: Notice (8): Undefined index:  id in [/Volumes/external/Data/Programing/PHP/www/live_teacher_server/website/api/controllers/users_controller.php, line 83]
2011-12-12 22:29:40 Notice: Notice (8): Undefined index:  deviceid in [/Volumes/external/Data/Programing/PHP/www/live_teacher_server/website/api/controllers/users_controller.php, line 37]
2011-12-12 22:29:40 Notice: Notice (8): Undefined index:  verifystring in [/Volumes/external/Data/Programing/PHP/www/live_teacher_server/website/api/controllers/users_controller.php, line 82]
2011-12-12 22:29:40 Notice: Notice (8): Undefined index:  id in [/Volumes/external/Data/Programing/PHP/www/live_teacher_server/website/api/controllers/users_controller.php, line 83]
2011-12-12 22:30:53 Notice: Notice (8): Undefined index:  deviceid in [/Volumes/external/Data/Programing/PHP/www/live_teacher_server/website/api/controllers/users_controller.php, line 37]
2011-12-12 22:30:58 Notice: Notice (8): Undefined index:  deviceid in [/Volumes/external/Data/Programing/PHP/www/live_teacher_server/website/api/controllers/users_controller.php, line 37]
2011-12-12 22:30:58 Notice: Notice (8): Undefined index:  verifystring in [/Volumes/external/Data/Programing/PHP/www/live_teacher_server/website/api/controllers/users_controller.php, line 82]
2011-12-12 22:30:58 Notice: Notice (8): Undefined index:  id in [/Volumes/external/Data/Programing/PHP/www/live_teacher_server/website/api/controllers/users_controller.php, line 83]
2011-12-12 22:31:33 Notice: Notice (8): Undefined index:  deviceid in [/Volumes/external/Data/Programing/PHP/www/live_teacher_server/website/api/controllers/users_controller.php, line 37]
2011-12-12 22:31:33 Notice: Notice (8): Undefined index:  verifystring in [/Volumes/external/Data/Programing/PHP/www/live_teacher_server/website/api/controllers/users_controller.php, line 82]
2011-12-12 22:31:33 Notice: Notice (8): Undefined index:  id in [/Volumes/external/Data/Programing/PHP/www/live_teacher_server/website/api/controllers/users_controller.php, line 83]
2011-12-12 22:32:03 Notice: Notice (8): Undefined index:  deviceid in [/Volumes/external/Data/Programing/PHP/www/live_teacher_server/website/api/controllers/users_controller.php, line 37]
2011-12-12 22:32:03 Notice: Notice (8): Undefined index:  verifystring in [/Volumes/external/Data/Programing/PHP/www/live_teacher_server/website/api/controllers/users_controller.php, line 82]
2011-12-12 22:32:03 Notice: Notice (8): Undefined index:  id in [/Volumes/external/Data/Programing/PHP/www/live_teacher_server/website/api/controllers/users_controller.php, line 83]
2011-12-12 23:25:02 Notice: Notice (8): Undefined index:  deviceid in [/Volumes/external/Data/Programing/PHP/www/live_teacher_server/website/api/controllers/users_controller.php, line 37]
2011-12-24 16:54:12 Debug: Notice (8): Undefined index: lasttheme in [C:\Data\Programing\PHP\www\live_teacher\website\api\controllers\users_controller.php, line 231]
2011-12-26 13:21:44 Debug: Notice (8): Undefined index: lasttheme in [C:\Data\Programing\PHP\www\live_teacher\website\api\controllers\users_controller.php, line 231]
2011-12-26 14:43:14 Debug: Notice (8): Undefined index: lasttheme in [C:\Data\Programing\PHP\www\live_teacher\website\api\controllers\users_controller.php, line 231]
2011-12-26 16:01:01 Debug: Notice (8): Undefined index: lasttheme in [C:\Data\Programing\PHP\www\live_teacher\website\api\controllers\users_controller.php, line 231]
2011-12-26 16:15:45 Debug: Notice (8): Undefined index: lasttheme in [C:\Data\Programing\PHP\www\live_teacher\website\api\controllers\users_controller.php, line 231]
2011-12-29 12:36:08 Debug: Notice (8): Undefined index: lasttheme in [C:\Data\Programing\PHP\www\live_teacher\website\api\controllers\users_controller.php, line 231]
2011-12-29 13:51:46 Debug: Notice (8): Undefined index: lasttheme in [C:\Data\Programing\PHP\www\live_teacher\website\api\controllers\users_controller.php, line 231]
2011-12-29 15:28:30 Debug: Notice (8): Undefined variable: filesList in [C:\Data\Programing\PHP\www\live_teacher\website\api\controllers\users_controller.php, line 484]
2011-12-29 15:28:34 Debug: Notice (8): Undefined variable: filesList in [C:\Data\Programing\PHP\www\live_teacher\website\api\controllers\users_controller.php, line 484]
2012-01-05 09:41:34 Debug: Notice (8): Undefined index: lasttheme in [C:\Data\Programing\PHP\www\live_teacher\website\api\controllers\users_controller.php, line 231]
2012-01-05 12:55:16 Debug: Notice (8): Undefined index: lasttheme in [C:\Data\Programing\PHP\www\live_teacher\website\api\controllers\users_controller.php, line 231]
2012-01-05 12:57:03 Debug: Notice (8): Undefined index: lasttheme in [C:\Data\Programing\PHP\www\live_teacher\website\api\controllers\users_controller.php, line 231]
2012-01-05 13:02:24 Debug: Notice (8): Undefined index: lasttheme in [C:\Data\Programing\PHP\www\live_teacher\website\api\controllers\users_controller.php, line 231]
2012-01-05 13:08:13 Debug: Notice (8): Undefined index: lasttheme in [C:\Data\Programing\PHP\www\live_teacher\website\api\controllers\users_controller.php, line 231]
2012-01-05 15:12:56 Debug: Notice (8): Undefined index: lasttheme in [C:\Data\Programing\PHP\www\live_teacher\website\api\controllers\users_controller.php, line 231]
2012-01-05 15:15:55 Debug: Notice (8): Undefined index: lasttheme in [C:\Data\Programing\PHP\www\live_teacher\website\api\controllers\users_controller.php, line 231]
2012-01-05 15:20:31 Debug: Notice (8): Undefined index: lasttheme in [C:\Data\Programing\PHP\www\live_teacher\website\api\controllers\users_controller.php, line 231]
2012-01-06 18:03:28 Debug: Notice (8): Undefined variable: translateTo in [C:\Data\Programing\PHP\www\live_teacher\website\api\controllers\users_controller.php, line 342]
2012-01-06 18:49:40 Debug: Notice (8): Undefined variable: translateTo in [C:\Data\Programing\PHP\www\live_teacher\website\api\controllers\users_controller.php, line 342]
2012-01-06 18:50:03 Debug: Notice (8): Undefined variable: translateTo in [C:\Data\Programing\PHP\www\live_teacher\website\api\controllers\users_controller.php, line 342]
2012-01-06 18:52:26 Debug: Notice (8): Undefined variable: translateTo in [C:\Data\Programing\PHP\www\live_teacher\website\api\controllers\users_controller.php, line 342]
2012-01-06 18:52:51 Debug: Notice (8): Undefined variable: translateTo in [C:\Data\Programing\PHP\www\live_teacher\website\api\controllers\users_controller.php, line 342]
2012-01-06 19:07:30 Debug: Notice (8): Undefined variable: translateTo in [C:\Data\Programing\PHP\www\live_teacher\website\api\controllers\users_controller.php, line 342]
2012-01-06 19:14:49 Debug: Notice (8): Undefined variable: translateTo in [C:\Data\Programing\PHP\www\live_teacher\website\api\controllers\users_controller.php, line 344]
2012-01-07 17:21:10 Debug: Notice (8): Undefined index: lasttheme in [C:\Data\Programing\PHP\www\live_teacher\website\api\controllers\users_controller.php, line 231]
2012-01-07 17:26:13 Debug: Notice (8): Undefined index: lasttheme in [C:\Data\Programing\PHP\www\live_teacher\website\api\controllers\users_controller.php, line 231]
2012-01-07 17:55:21 Debug: Notice (8): Undefined variable: translateTo in [C:\Data\Programing\PHP\www\live_teacher\website\api\controllers\users_controller.php, line 375]
2012-01-07 17:56:14 Debug: Notice (8): Undefined variable: translateTo in [C:\Data\Programing\PHP\www\live_teacher\website\api\controllers\users_controller.php, line 375]
2012-01-07 18:27:45 Debug: Notice (8): Undefined variable: translateTo in [C:\Data\Programing\PHP\www\live_teacher\website\api\controllers\users_controller.php, line 375]
2012-01-07 18:28:30 Debug: Notice (8): Undefined variable: translateTo in [C:\Data\Programing\PHP\www\live_teacher\website\api\controllers\users_controller.php, line 375]
2012-01-07 18:40:30 Debug: Notice (8): Undefined variable: translateTo in [C:\Data\Programing\PHP\www\live_teacher\website\api\controllers\users_controller.php, line 375]
2012-01-07 18:41:11 Debug: Notice (8): Undefined variable: translateTo in [C:\Data\Programing\PHP\www\live_teacher\website\api\controllers\users_controller.php, line 375]
2012-01-07 18:42:18 Debug: Notice (8): Undefined variable: translateTo in [C:\Data\Programing\PHP\www\live_teacher\website\api\controllers\users_controller.php, line 375]
2012-01-07 18:45:38 Debug: Notice (8): Undefined variable: translateTo in [C:\Data\Programing\PHP\www\live_teacher\website\api\controllers\users_controller.php, line 375]
2012-01-07 18:45:38 Debug: Notice (8): Undefined variable: translateTo in [C:\Data\Programing\PHP\www\live_teacher\website\api\controllers\users_controller.php, line 375]
2012-01-07 18:51:09 Debug: Notice (8): Undefined variable: translateTo in [C:\Data\Programing\PHP\www\live_teacher\website\api\controllers\users_controller.php, line 375]
2012-01-08 10:52:55 Debug: Notice (8): Undefined index: lasttheme in [C:\Data\Programing\PHP\www\live_teacher\website\api\controllers\users_controller.php, line 231]
2012-01-11 18:33:57 Debug: Notice (8): Undefined index: lasttheme in [C:\Data\Programing\PHP\www\live_teacher\website\api\controllers\users_controller.php, line 231]
2012-01-11 18:33:58 Debug: Notice (8): Undefined index: lasttheme in [C:\Data\Programing\PHP\www\live_teacher\website\api\controllers\users_controller.php, line 231]
